# JRE version: OpenJDK Runtime Environment (8.0_212-b04) (build 1.8.0_212-release-1586-b04)
# Java VM: OpenJDK 64-Bit Server VM (25.212-b04 mixed mode windows-amd64 compressed oops)
Heap:
 PSYoungGen      total 318464K, used 87022K [0x00000000e0000000, 0x00000000f8700000, 0x0000000100000000)
  eden space 286208K, 26% used [0x00000000e0000000,0x00000000e4a46970,0x00000000f1780000)
  from space 32256K, 33% used [0x00000000f1780000,0x00000000f2234ea8,0x00000000f3700000)
  to   space 31744K, 0% used [0x00000000f6800000,0x00000000f6800000,0x00000000f8700000)
 ParOldGen       total 247296K, used 77899K [0x00000000a0000000, 0x00000000af180000, 0x00000000e0000000)
  object space 247296K, 31% used [0x00000000a0000000,0x00000000a4c12e78,0x00000000af180000)
 Metaspace       used 95974K, capacity 100444K, committed 102040K, reserved 1136640K
  class space    used 12560K, capacity 13489K, committed 13992K, reserved 1048576K
GC Heap History (10 events):
Event: 451.041 GC heap before
{Heap before GC invocations=15 (full 3):
 PSYoungGen      total 239616K, used 233536K [0x00000000e0000000, 0x00000000f2c00000, 0x0000000100000000)
  eden space 216064K, 99% used [0x00000000e0000000,0x00000000ed2ff740,0x00000000ed300000)
  from space 23552K, 74% used [0x00000000ed300000,0x00000000ee410b90,0x00000000eea00000)
  to   space 24576K, 0% used [0x00000000f1400000,0x00000000f1400000,0x00000000f2c00000)
 ParOldGen       total 158208K, used 41226K [0x00000000a0000000, 0x00000000a9a80000, 0x00000000e0000000)
  object space 158208K, 26% used [0x00000000a0000000,0x00000000a2842990,0x00000000a9a80000)
 Metaspace       used 78743K, capacity 82618K, committed 82840K, reserved 1120256K
  class space    used 10567K, capacity 11368K, committed 11432K, reserved 1048576K
Event: 451.098 GC heap after
Heap after GC invocations=15 (full 3):
 PSYoungGen      total 274944K, used 24550K [0x00000000e0000000, 0x00000000f3280000, 0x0000000100000000)
  eden space 250368K, 0% used [0x00000000e0000000,0x00000000e0000000,0x00000000ef480000)
  from space 24576K, 99% used [0x00000000f1400000,0x00000000f2bf99e0,0x00000000f2c00000)
  to   space 31744K, 0% used [0x00000000ef480000,0x00000000ef480000,0x00000000f1380000)
 ParOldGen       total 158208K, used 51374K [0x00000000a0000000, 0x00000000a9a80000, 0x00000000e0000000)
  object space 158208K, 32% used [0x00000000a0000000,0x00000000a322ba18,0x00000000a9a80000)
 Metaspace       used 78743K, capacity 82618K, committed 82840K, reserved 1120256K
  class space    used 10567K, capacity 11368K, committed 11432K, reserved 1048576K
}
Event: 455.239 GC heap before
{Heap before GC invocations=16 (full 3):
 PSYoungGen      total 274944K, used 274918K [0x00000000e0000000, 0x00000000f3280000, 0x0000000100000000)
  eden space 250368K, 100% used [0x00000000e0000000,0x00000000ef480000,0x00000000ef480000)
  from space 24576K, 99% used [0x00000000f1400000,0x00000000f2bf99e0,0x00000000f2c00000)
  to   space 31744K, 0% used [0x00000000ef480000,0x00000000ef480000,0x00000000f1380000)
 ParOldGen       total 158208K, used 51406K [0x00000000a0000000, 0x00000000a9a80000, 0x00000000e0000000)
  object space 158208K, 32% used [0x00000000a0000000,0x00000000a3233be8,0x00000000a9a80000)
 Metaspace       used 84144K, capacity 88310K, committed 88600K, reserved 1126400K
  class space    used 11181K, capacity 12038K, committed 12072K, reserved 1048576K
Event: 455.294 GC heap after
Heap after GC invocations=16 (full 3):
 PSYoungGen      total 282112K, used 15578K [0x00000000e0000000, 0x00000000f5500000, 0x0000000100000000)
  eden space 250368K, 0% used [0x00000000e0000000,0x00000000e0000000,0x00000000ef480000)
  from space 31744K, 49% used [0x00000000ef480000,0x00000000f03b6b78,0x00000000f1380000)
  to   space 30720K, 0% used [0x00000000f3700000,0x00000000f3700000,0x00000000f5500000)
 ParOldGen       total 158208K, used 74713K [0x00000000a0000000, 0x00000000a9a80000, 0x00000000e0000000)
  object space 158208K, 47% used [0x00000000a0000000,0x00000000a48f66c0,0x00000000a9a80000)
 Metaspace       used 84144K, capacity 88310K, committed 88600K, reserved 1126400K
  class space    used 11181K, capacity 12038K, committed 12072K, reserved 1048576K
}
Event: 456.721 GC heap before
{Heap before GC invocations=17 (full 3):
 PSYoungGen      total 282112K, used 176385K [0x00000000e0000000, 0x00000000f5500000, 0x0000000100000000)
  eden space 250368K, 64% used [0x00000000e0000000,0x00000000e9d09998,0x00000000ef480000)
  from space 31744K, 49% used [0x00000000ef480000,0x00000000f03b6b78,0x00000000f1380000)
  to   space 30720K, 0% used [0x00000000f3700000,0x00000000f3700000,0x00000000f5500000)
 ParOldGen       total 158208K, used 74713K [0x00000000a0000000, 0x00000000a9a80000, 0x00000000e0000000)
  object space 158208K, 47% used [0x00000000a0000000,0x00000000a48f66c0,0x00000000a9a80000)
 Metaspace       used 93446K, capacity 98540K, committed 98600K, reserved 1134592K
  class space    used 12589K, capacity 13687K, committed 13736K, reserved 1048576K
Event: 456.765 GC heap after
Heap after GC invocations=17 (full 3):
 PSYoungGen      total 316928K, used 23775K [0x00000000e0000000, 0x00000000f5d00000, 0x0000000100000000)
  eden space 286208K, 0% used [0x00000000e0000000,0x00000000e0000000,0x00000000f1780000)
  from space 30720K, 77% used [0x00000000f3700000,0x00000000f4e37f98,0x00000000f5500000)
  to   space 32256K, 0% used [0x00000000f1780000,0x00000000f1780000,0x00000000f3700000)
 ParOldGen       total 158208K, used 74721K [0x00000000a0000000, 0x00000000a9a80000, 0x00000000e0000000)
  object space 158208K, 47% used [0x00000000a0000000,0x00000000a48f86c0,0x00000000a9a80000)
 Metaspace       used 93446K, capacity 98540K, committed 98600K, reserved 1134592K
  class space    used 12589K, capacity 13687K, committed 13736K, reserved 1048576K
}
Event: 456.765 GC heap before
{Heap before GC invocations=18 (full 4):
 PSYoungGen      total 316928K, used 23775K [0x00000000e0000000, 0x00000000f5d00000, 0x0000000100000000)
  eden space 286208K, 0% used [0x00000000e0000000,0x00000000e0000000,0x00000000f1780000)
  from space 30720K, 77% used [0x00000000f3700000,0x00000000f4e37f98,0x00000000f5500000)
  to   space 32256K, 0% used [0x00000000f1780000,0x00000000f1780000,0x00000000f3700000)
 ParOldGen       total 158208K, used 74721K [0x00000000a0000000, 0x00000000a9a80000, 0x00000000e0000000)
  object space 158208K, 47% used [0x00000000a0000000,0x00000000a48f86c0,0x00000000a9a80000)
 Metaspace       used 93446K, capacity 98540K, committed 98600K, reserved 1134592K
  class space    used 12589K, capacity 13687K, committed 13736K, reserved 1048576K
Event: 457.094 GC heap after
Heap after GC invocations=18 (full 4):
 PSYoungGen      total 316928K, used 0K [0x00000000e0000000, 0x00000000f5d00000, 0x0000000100000000)
  eden space 286208K, 0% used [0x00000000e0000000,0x00000000e0000000,0x00000000f1780000)
  from space 30720K, 0% used [0x00000000f3700000,0x00000000f3700000,0x00000000f5500000)
  to   space 32256K, 0% used [0x00000000f1780000,0x00000000f1780000,0x00000000f3700000)
 ParOldGen       total 247296K, used 77876K [0x00000000a0000000, 0x00000000af180000, 0x00000000e0000000)
  object space 247296K, 31% used [0x00000000a0000000,0x00000000a4c0d290,0x00000000af180000)
 Metaspace       used 92766K, capacity 96982K, committed 98600K, reserved 1134592K
  class space    used 12347K, capacity 13250K, committed 13736K, reserved 1048576K
}
Event: 460.932 GC heap before
{Heap before GC invocations=19 (full 4):
 PSYoungGen      total 316928K, used 286208K [0x00000000e0000000, 0x00000000f5d00000, 0x0000000100000000)
  eden space 286208K, 100% used [0x00000000e0000000,0x00000000f1780000,0x00000000f1780000)
  from space 30720K, 0% used [0x00000000f3700000,0x00000000f3700000,0x00000000f5500000)
  to   space 32256K, 0% used [0x00000000f1780000,0x00000000f1780000,0x00000000f3700000)
 ParOldGen       total 247296K, used 77891K [0x00000000a0000000, 0x00000000af180000, 0x00000000e0000000)
  object space 247296K, 31% used [0x00000000a0000000,0x00000000a4c10e78,0x00000000af180000)
 Metaspace       used 94594K, capacity 98946K, committed 100376K, reserved 1136640K
  class space    used 12475K, capacity 13382K, committed 13864K, reserved 1048576K
Event: 460.947 GC heap after
Heap after GC invocations=19 (full 4):
 PSYoungGen      total 318464K, used 10963K [0x00000000e0000000, 0x00000000f8700000, 0x0000000100000000)
  eden space 286208K, 0% used [0x00000000e0000000,0x00000000e0000000,0x00000000f1780000)
  from space 32256K, 33% used [0x00000000f1780000,0x00000000f2234ea8,0x00000000f3700000)
  to   space 31744K, 0% used [0x00000000f6800000,0x00000000f6800000,0x00000000f8700000)
 ParOldGen       total 247296K, used 77899K [0x00000000a0000000, 0x00000000af180000, 0x00000000e0000000)
  object space 247296K, 31% used [0x00000000a0000000,0x00000000a4c12e78,0x00000000af180000)
 Metaspace       used 94594K, capacity 98946K, committed 100376K, reserved 1136640K
  class space    used 12475K, capacity 13382K, committed 13864K, reserved 1048576K
}

