# JRE version: OpenJDK Runtime Environment (8.0_212-b04) (build 1.8.0_212-release-1586-b04)
# Java VM: OpenJDK 64-Bit Server VM (25.212-b04 mixed mode windows-amd64 compressed oops)
Heap:
 PSYoungGen      total 288768K, used 145089K [0x00000000e0000000, 0x00000000f6e80000, 0x0000000100000000)
  eden space 242176K, 40% used [0x00000000e0000000,0x00000000e6034008,0x00000000eec80000)
  from space 46592K, 99% used [0x00000000eec80000,0x00000000f19fc688,0x00000000f1a00000)
  to   space 55296K, 0% used [0x00000000f3880000,0x00000000f3880000,0x00000000f6e80000)
 ParOldGen       total 323072K, used 78442K [0x00000000a0000000, 0x00000000b3b80000, 0x00000000e0000000)
  object space 323072K, 24% used [0x00000000a0000000,0x00000000a4c9aa90,0x00000000b3b80000)
 Metaspace       used 97459K, capacity 102598K, committed 103192K, reserved 1138688K
  class space    used 12697K, capacity 13750K, committed 13864K, reserved 1048576K
GC Heap History (10 events):
Event: 125.640 GC heap before
{Heap before GC invocations=17 (full 3):
 PSYoungGen      total 298496K, used 298468K [0x00000000e0000000, 0x00000000f5100000, 0x0000000100000000)
  eden space 253440K, 100% used [0x00000000e0000000,0x00000000ef780000,0x00000000ef780000)
  from space 45056K, 99% used [0x00000000ef780000,0x00000000f23792d8,0x00000000f2380000)
  to   space 41472K, 0% used [0x00000000f2380000,0x00000000f2380000,0x00000000f4c00000)
 ParOldGen       total 198656K, used 79775K [0x00000000a0000000, 0x00000000ac200000, 0x00000000e0000000)
  object space 198656K, 40% used [0x00000000a0000000,0x00000000a4de7e58,0x00000000ac200000)
 Metaspace       used 92001K, capacity 97288K, committed 97432K, reserved 1134592K
  class space    used 12149K, capacity 13223K, committed 13224K, reserved 1048576K
Event: 125.687 GC heap after
Heap after GC invocations=17 (full 3):
 PSYoungGen      total 289280K, used 17431K [0x00000000e0000000, 0x00000000f7680000, 0x0000000100000000)
  eden space 247808K, 0% used [0x00000000e0000000,0x00000000e0000000,0x00000000ef200000)
  from space 41472K, 42% used [0x00000000f2380000,0x00000000f3485c58,0x00000000f4c00000)
  to   space 50688K, 0% used [0x00000000ef200000,0x00000000ef200000,0x00000000f2380000)
 ParOldGen       total 198656K, used 95597K [0x00000000a0000000, 0x00000000ac200000, 0x00000000e0000000)
  object space 198656K, 48% used [0x00000000a0000000,0x00000000a5d5b6a8,0x00000000ac200000)
 Metaspace       used 92001K, capacity 97288K, committed 97432K, reserved 1134592K
  class space    used 12149K, capacity 13223K, committed 13224K, reserved 1048576K
}
Event: 1418.007 GC heap before
{Heap before GC invocations=18 (full 3):
 PSYoungGen      total 289280K, used 221893K [0x00000000e0000000, 0x00000000f7680000, 0x0000000100000000)
  eden space 247808K, 82% used [0x00000000e0000000,0x00000000ec7aba38,0x00000000ef200000)
  from space 41472K, 42% used [0x00000000f2380000,0x00000000f3485c58,0x00000000f4c00000)
  to   space 50688K, 0% used [0x00000000ef200000,0x00000000ef200000,0x00000000f2380000)
 ParOldGen       total 198656K, used 95597K [0x00000000a0000000, 0x00000000ac200000, 0x00000000e0000000)
  object space 198656K, 48% used [0x00000000a0000000,0x00000000a5d5b6a8,0x00000000ac200000)
 Metaspace       used 92966K, capacity 98530K, committed 98584K, reserved 1134592K
  class space    used 12225K, capacity 13334K, committed 13352K, reserved 1048576K
Event: 1418.038 GC heap after
Heap after GC invocations=18 (full 3):
 PSYoungGen      total 263168K, used 22057K [0x00000000e0000000, 0x00000000f4900000, 0x0000000100000000)
  eden space 240640K, 0% used [0x00000000e0000000,0x00000000e0000000,0x00000000eeb00000)
  from space 22528K, 97% used [0x00000000ef200000,0x00000000f078a568,0x00000000f0800000)
  to   space 48128K, 0% used [0x00000000f1a00000,0x00000000f1a00000,0x00000000f4900000)
 ParOldGen       total 198656K, used 95605K [0x00000000a0000000, 0x00000000ac200000, 0x00000000e0000000)
  object space 198656K, 48% used [0x00000000a0000000,0x00000000a5d5d6a8,0x00000000ac200000)
 Metaspace       used 92966K, capacity 98530K, committed 98584K, reserved 1134592K
  class space    used 12225K, capacity 13334K, committed 13352K, reserved 1048576K
}
Event: 1418.038 GC heap before
{Heap before GC invocations=19 (full 4):
 PSYoungGen      total 263168K, used 22057K [0x00000000e0000000, 0x00000000f4900000, 0x0000000100000000)
  eden space 240640K, 0% used [0x00000000e0000000,0x00000000e0000000,0x00000000eeb00000)
  from space 22528K, 97% used [0x00000000ef200000,0x00000000f078a568,0x00000000f0800000)
  to   space 48128K, 0% used [0x00000000f1a00000,0x00000000f1a00000,0x00000000f4900000)
 ParOldGen       total 198656K, used 95605K [0x00000000a0000000, 0x00000000ac200000, 0x00000000e0000000)
  object space 198656K, 48% used [0x00000000a0000000,0x00000000a5d5d6a8,0x00000000ac200000)
 Metaspace       used 92966K, capacity 98530K, committed 98584K, reserved 1134592K
  class space    used 12225K, capacity 13334K, committed 13352K, reserved 1048576K
Event: 1418.449 GC heap after
Heap after GC invocations=19 (full 4):
 PSYoungGen      total 263168K, used 0K [0x00000000e0000000, 0x00000000f4900000, 0x0000000100000000)
  eden space 240640K, 0% used [0x00000000e0000000,0x00000000e0000000,0x00000000eeb00000)
  from space 22528K, 0% used [0x00000000ef200000,0x00000000ef200000,0x00000000f0800000)
  to   space 48128K, 0% used [0x00000000f1a00000,0x00000000f1a00000,0x00000000f4900000)
 ParOldGen       total 323072K, used 73401K [0x00000000a0000000, 0x00000000b3b80000, 0x00000000e0000000)
  object space 323072K, 22% used [0x00000000a0000000,0x00000000a47ae408,0x00000000b3b80000)
 Metaspace       used 92607K, capacity 97514K, committed 98584K, reserved 1134592K
  class space    used 12107K, capacity 13126K, committed 13352K, reserved 1048576K
}
Event: 1421.369 GC heap before
{Heap before GC invocations=20 (full 4):
 PSYoungGen      total 263168K, used 240640K [0x00000000e0000000, 0x00000000f4900000, 0x0000000100000000)
  eden space 240640K, 100% used [0x00000000e0000000,0x00000000eeb00000,0x00000000eeb00000)
  from space 22528K, 0% used [0x00000000ef200000,0x00000000ef200000,0x00000000f0800000)
  to   space 48128K, 0% used [0x00000000f1a00000,0x00000000f1a00000,0x00000000f4900000)
 ParOldGen       total 323072K, used 73401K [0x00000000a0000000, 0x00000000b3b80000, 0x00000000e0000000)
  object space 323072K, 22% used [0x00000000a0000000,0x00000000a47ae408,0x00000000b3b80000)
 Metaspace       used 93274K, capacity 98202K, committed 99480K, reserved 1134592K
  class space    used 12159K, capacity 13172K, committed 13480K, reserved 1048576K
Event: 1421.397 GC heap after
Heap after GC invocations=20 (full 4):
 PSYoungGen      total 290304K, used 14232K [0x00000000e0000000, 0x00000000f6100000, 0x0000000100000000)
  eden space 242176K, 0% used [0x00000000e0000000,0x00000000e0000000,0x00000000eec80000)
  from space 48128K, 29% used [0x00000000f1a00000,0x00000000f27e61b0,0x00000000f4900000)
  to   space 46592K, 0% used [0x00000000eec80000,0x00000000eec80000,0x00000000f1a00000)
 ParOldGen       total 323072K, used 73409K [0x00000000a0000000, 0x00000000b3b80000, 0x00000000e0000000)
  object space 323072K, 22% used [0x00000000a0000000,0x00000000a47b0408,0x00000000b3b80000)
 Metaspace       used 93274K, capacity 98202K, committed 99480K, reserved 1134592K
  class space    used 12159K, capacity 13172K, committed 13480K, reserved 1048576K
}
Event: 1424.305 GC heap before
{Heap before GC invocations=21 (full 4):
 PSYoungGen      total 290304K, used 256408K [0x00000000e0000000, 0x00000000f6100000, 0x0000000100000000)
  eden space 242176K, 100% used [0x00000000e0000000,0x00000000eec80000,0x00000000eec80000)
  from space 48128K, 29% used [0x00000000f1a00000,0x00000000f27e61b0,0x00000000f4900000)
  to   space 46592K, 0% used [0x00000000eec80000,0x00000000eec80000,0x00000000f1a00000)
 ParOldGen       total 323072K, used 73409K [0x00000000a0000000, 0x00000000b3b80000, 0x00000000e0000000)
  object space 323072K, 22% used [0x00000000a0000000,0x00000000a47b0408,0x00000000b3b80000)
 Metaspace       used 93631K, capacity 98548K, committed 99736K, reserved 1136640K
  class space    used 12164K, capacity 13181K, committed 13480K, reserved 1048576K
Event: 1424.355 GC heap after
Heap after GC invocations=21 (full 4):
 PSYoungGen      total 288768K, used 46577K [0x00000000e0000000, 0x00000000f6e80000, 0x0000000100000000)
  eden space 242176K, 0% used [0x00000000e0000000,0x00000000e0000000,0x00000000eec80000)
  from space 46592K, 99% used [0x00000000eec80000,0x00000000f19fc688,0x00000000f1a00000)
  to   space 55296K, 0% used [0x00000000f3880000,0x00000000f3880000,0x00000000f6e80000)
 ParOldGen       total 323072K, used 78442K [0x00000000a0000000, 0x00000000b3b80000, 0x00000000e0000000)
  object space 323072K, 24% used [0x00000000a0000000,0x00000000a4c9aa90,0x00000000b3b80000)
 Metaspace       used 93631K, capacity 98548K, committed 99736K, reserved 1136640K
  class space    used 12164K, capacity 13181K, committed 13480K, reserved 1048576K
}

