# JRE version: OpenJDK Runtime Environment (8.0_212-b04) (build 1.8.0_212-release-1586-b04)
# Java VM: OpenJDK 64-Bit Server VM (25.212-b04 mixed mode windows-amd64 compressed oops)
Heap:
 PSYoungGen      total 491520K, used 113570K [0x00000000e0000000, 0x0000000100000000, 0x0000000100000000)
  eden space 463872K, 19% used [0x00000000e0000000,0x00000000e579a8e8,0x00000000fc500000)
  from space 27648K, 86% used [0x00000000fe500000,0x00000000ffc4e190,0x0000000100000000)
  to   space 30208K, 0% used [0x00000000fc500000,0x00000000fc500000,0x00000000fe280000)
 ParOldGen       total 136192K, used 59579K [0x00000000a0000000, 0x00000000a8500000, 0x00000000e0000000)
  object space 136192K, 43% used [0x00000000a0000000,0x00000000a3a2ed90,0x00000000a8500000)
 Metaspace       used 88390K, capacity 93816K, committed 94080K, reserved 1130496K
  class space    used 11578K, capacity 12606K, committed 12672K, reserved 1048576K
GC Heap History (10 events):
Event: 12.698 GC heap before
{Heap before GC invocations=11 (full 2):
 PSYoungGen      total 325632K, used 132596K [0x00000000e0000000, 0x00000000f7080000, 0x0000000100000000)
  eden space 312320K, 38% used [0x00000000e0000000,0x00000000e747f1e8,0x00000000f3100000)
  from space 13312K, 99% used [0x00000000f6380000,0x00000000f707dff0,0x00000000f7080000)
  to   space 17920K, 0% used [0x00000000f4d80000,0x00000000f4d80000,0x00000000f5f00000)
 ParOldGen       total 92160K, used 24638K [0x00000000a0000000, 0x00000000a5a00000, 0x00000000e0000000)
  object space 92160K, 26% used [0x00000000a0000000,0x00000000a180f958,0x00000000a5a00000)
 Metaspace       used 57054K, capacity 58926K, committed 59136K, reserved 1099776K
  class space    used 7734K, capacity 8162K, committed 8192K, reserved 1048576K
Event: 12.723 GC heap after
Heap after GC invocations=11 (full 2):
 PSYoungGen      total 359424K, used 17917K [0x00000000e0000000, 0x00000000fc400000, 0x0000000100000000)
  eden space 341504K, 0% used [0x00000000e0000000,0x00000000e0000000,0x00000000f4d80000)
  from space 17920K, 99% used [0x00000000f4d80000,0x00000000f5eff650,0x00000000f5f00000)
  to   space 22528K, 0% used [0x00000000fae00000,0x00000000fae00000,0x00000000fc400000)
 ParOldGen       total 92160K, used 29715K [0x00000000a0000000, 0x00000000a5a00000, 0x00000000e0000000)
  object space 92160K, 32% used [0x00000000a0000000,0x00000000a1d04c40,0x00000000a5a00000)
 Metaspace       used 57054K, capacity 58926K, committed 59136K, reserved 1099776K
  class space    used 7734K, capacity 8162K, committed 8192K, reserved 1048576K
}
Event: 12.724 GC heap before
{Heap before GC invocations=12 (full 3):
 PSYoungGen      total 359424K, used 17917K [0x00000000e0000000, 0x00000000fc400000, 0x0000000100000000)
  eden space 341504K, 0% used [0x00000000e0000000,0x00000000e0000000,0x00000000f4d80000)
  from space 17920K, 99% used [0x00000000f4d80000,0x00000000f5eff650,0x00000000f5f00000)
  to   space 22528K, 0% used [0x00000000fae00000,0x00000000fae00000,0x00000000fc400000)
 ParOldGen       total 92160K, used 29715K [0x00000000a0000000, 0x00000000a5a00000, 0x00000000e0000000)
  object space 92160K, 32% used [0x00000000a0000000,0x00000000a1d04c40,0x00000000a5a00000)
 Metaspace       used 57054K, capacity 58926K, committed 59136K, reserved 1099776K
  class space    used 7734K, capacity 8162K, committed 8192K, reserved 1048576K
Event: 13.055 GC heap after
Heap after GC invocations=12 (full 3):
 PSYoungGen      total 359424K, used 0K [0x00000000e0000000, 0x00000000fc400000, 0x0000000100000000)
  eden space 341504K, 0% used [0x00000000e0000000,0x00000000e0000000,0x00000000f4d80000)
  from space 17920K, 0% used [0x00000000f4d80000,0x00000000f4d80000,0x00000000f5f00000)
  to   space 22528K, 0% used [0x00000000fae00000,0x00000000fae00000,0x00000000fc400000)
 ParOldGen       total 136192K, used 36406K [0x00000000a0000000, 0x00000000a8500000, 0x00000000e0000000)
  object space 136192K, 26% used [0x00000000a0000000,0x00000000a238db50,0x00000000a8500000)
 Metaspace       used 57027K, capacity 58836K, committed 59136K, reserved 1099776K
  class space    used 7725K, capacity 8147K, committed 8192K, reserved 1048576K
}
Event: 573.530 GC heap before
{Heap before GC invocations=13 (full 3):
 PSYoungGen      total 359424K, used 341504K [0x00000000e0000000, 0x00000000fc400000, 0x0000000100000000)
  eden space 341504K, 100% used [0x00000000e0000000,0x00000000f4d80000,0x00000000f4d80000)
  from space 17920K, 0% used [0x00000000f4d80000,0x00000000f4d80000,0x00000000f5f00000)
  to   space 22528K, 0% used [0x00000000fae00000,0x00000000fae00000,0x00000000fc400000)
 ParOldGen       total 136192K, used 36406K [0x00000000a0000000, 0x00000000a8500000, 0x00000000e0000000)
  object space 136192K, 26% used [0x00000000a0000000,0x00000000a238db50,0x00000000a8500000)
 Metaspace       used 72705K, capacity 76102K, committed 76288K, reserved 1116160K
  class space    used 9770K, capacity 10476K, committed 10496K, reserved 1048576K
Event: 573.561 GC heap after
Heap after GC invocations=13 (full 3):
 PSYoungGen      total 435712K, used 22520K [0x00000000e0000000, 0x00000000fda00000, 0x0000000100000000)
  eden space 413184K, 0% used [0x00000000e0000000,0x00000000e0000000,0x00000000f9380000)
  from space 22528K, 99% used [0x00000000fae00000,0x00000000fc3fe2c0,0x00000000fc400000)
  to   space 27136K, 0% used [0x00000000f9380000,0x00000000f9380000,0x00000000fae00000)
 ParOldGen       total 136192K, used 41482K [0x00000000a0000000, 0x00000000a8500000, 0x00000000e0000000)
  object space 136192K, 30% used [0x00000000a0000000,0x00000000a2882810,0x00000000a8500000)
 Metaspace       used 72705K, capacity 76102K, committed 76288K, reserved 1116160K
  class space    used 9770K, capacity 10476K, committed 10496K, reserved 1048576K
}
Event: 6331.398 GC heap before
{Heap before GC invocations=14 (full 3):
 PSYoungGen      total 435712K, used 435704K [0x00000000e0000000, 0x00000000fda00000, 0x0000000100000000)
  eden space 413184K, 100% used [0x00000000e0000000,0x00000000f9380000,0x00000000f9380000)
  from space 22528K, 99% used [0x00000000fae00000,0x00000000fc3fe2c0,0x00000000fc400000)
  to   space 27136K, 0% used [0x00000000f9380000,0x00000000f9380000,0x00000000fae00000)
 ParOldGen       total 136192K, used 41482K [0x00000000a0000000, 0x00000000a8500000, 0x00000000e0000000)
  object space 136192K, 30% used [0x00000000a0000000,0x00000000a2882810,0x00000000a8500000)
 Metaspace       used 75632K, capacity 80276K, committed 80384K, reserved 1118208K
  class space    used 10017K, capacity 10919K, committed 11008K, reserved 1048576K
Event: 6331.444 GC heap after
Heap after GC invocations=14 (full 3):
 PSYoungGen      total 440320K, used 4496K [0x00000000e0000000, 0x0000000100000000, 0x0000000100000000)
  eden space 413184K, 0% used [0x00000000e0000000,0x00000000e0000000,0x00000000f9380000)
  from space 27136K, 16% used [0x00000000f9380000,0x00000000f97e4010,0x00000000fae00000)
  to   space 27648K, 0% used [0x00000000fe500000,0x00000000fe500000,0x0000000100000000)
 ParOldGen       total 136192K, used 59563K [0x00000000a0000000, 0x00000000a8500000, 0x00000000e0000000)
  object space 136192K, 43% used [0x00000000a0000000,0x00000000a3a2ad90,0x00000000a8500000)
 Metaspace       used 75632K, capacity 80276K, committed 80384K, reserved 1118208K
  class space    used 10017K, capacity 10919K, committed 11008K, reserved 1048576K
}
Event: 6790.649 GC heap before
{Heap before GC invocations=15 (full 3):
 PSYoungGen      total 440320K, used 417680K [0x00000000e0000000, 0x0000000100000000, 0x0000000100000000)
  eden space 413184K, 100% used [0x00000000e0000000,0x00000000f9380000,0x00000000f9380000)
  from space 27136K, 16% used [0x00000000f9380000,0x00000000f97e4010,0x00000000fae00000)
  to   space 27648K, 0% used [0x00000000fe500000,0x00000000fe500000,0x0000000100000000)
 ParOldGen       total 136192K, used 59563K [0x00000000a0000000, 0x00000000a8500000, 0x00000000e0000000)
  object space 136192K, 43% used [0x00000000a0000000,0x00000000a3a2ad90,0x00000000a8500000)
 Metaspace       used 87143K, capacity 92534K, committed 92928K, reserved 1130496K
  class space    used 11417K, capacity 12453K, committed 12544K, reserved 1048576K
Event: 6790.721 GC heap after
Heap after GC invocations=15 (full 3):
 PSYoungGen      total 491520K, used 23864K [0x00000000e0000000, 0x0000000100000000, 0x0000000100000000)
  eden space 463872K, 0% used [0x00000000e0000000,0x00000000e0000000,0x00000000fc500000)
  from space 27648K, 86% used [0x00000000fe500000,0x00000000ffc4e190,0x0000000100000000)
  to   space 30208K, 0% used [0x00000000fc500000,0x00000000fc500000,0x00000000fe280000)
 ParOldGen       total 136192K, used 59579K [0x00000000a0000000, 0x00000000a8500000, 0x00000000e0000000)
  object space 136192K, 43% used [0x00000000a0000000,0x00000000a3a2ed90,0x00000000a8500000)
 Metaspace       used 87143K, capacity 92534K, committed 92928K, reserved 1130496K
  class space    used 11417K, capacity 12453K, committed 12544K, reserved 1048576K
}

